2023-05-02 18:05:05,158 DEBUG: Starting new HTTPS connection (1): www.amazon.in:443
2023-05-02 18:05:05,743 DEBUG: https://www.amazon.in:443 "GET /s?k=smartphones&crid=2C9GZV1PQRGTM&sprefix=abc%2Caps%2C501&ref=nb_sb_noss_2 HTTP/1.1" 200 None
2023-05-02 18:06:39,265 DEBUG: Starting new HTTPS connection (1): www.amazon.in:443
2023-05-02 18:06:39,526 DEBUG: https://www.amazon.in:443 "GET /s?k=smartphones&crid=2C9GZV1PQRGTM&sprefix=abc%2Caps%2C501&ref=nb_sb_noss_2 HTTP/1.1" 200 None
2023-05-02 18:06:40,888 DEBUG: Starting new HTTPS connection (1): www.amazon.in:443
2023-05-02 18:06:41,141 DEBUG: https://www.amazon.in:443 "GET /sspa/click?ie=UTF8&spc=MTo3NDk2NzE2NjQ3Njc5MzU0OjE2ODMwMzEwMDA6c3BfYXRmOjIwMTQ4MDkzMDAxNjk4OjowOjo&url=%2FSamsung-Storage-Battery-Octa-Core-Processor%2Fdp%2FB0BZCSMP95%2Fref%3Dsr_1_1_sspa%3Fcrid%3D2C9GZV1PQRGTM%26keywords%3Dsmartphones%26qid%3D1683031000%26sprefix%3Dabc%252Caps%252C501%26sr%3D8-1-spons%26sp_csd%3Dd2lkZ2V0TmFtZT1zcF9hdGY%26psc%3D1 HTTP/1.1" 302 None
2023-05-02 18:06:41,482 DEBUG: https://www.amazon.in:443 "GET /Samsung-Storage-Battery-Octa-Core-Processor/dp/B0BZCSMP95/ref=sr_1_1_sspa?crid=2C9GZV1PQRGTM&keywords=smartphones&qid=1683031000&sprefix=abc%2Caps%2C501&sr=8-1-spons&sp_csd=d2lkZ2V0TmFtZT1zcF9hdGY&psc=1 HTTP/1.1" 200 None
2023-05-02 18:06:44,491 ERROR:  Product Name Unavailable : 'NoneType' object has no attribute 'text'
2023-05-02 18:06:44,494 DEBUG: Starting new HTTPS connection (1): www.amazon.in:443
2023-05-02 18:06:44,742 DEBUG: https://www.amazon.in:443 "GET /sspa/click?ie=UTF8&spc=MTo3NDk2NzE2NjQ3Njc5MzU0OjE2ODMwMzEwMDA6c3BfYXRmOjIwMTQ1NjMxMTA5Njk4OjowOjo&url=%2FOnePlus-Nord-Pastel-128GB-Storage%2Fdp%2FB0BY8JZ22K%2Fref%3Dsr_1_2_sspa%3Fcrid%3D2C9GZV1PQRGTM%26keywords%3Dsmartphones%26qid%3D1683031000%26sprefix%3Dabc%252Caps%252C501%26sr%3D8-2-spons%26sp_csd%3Dd2lkZ2V0TmFtZT1zcF9hdGY%26psc%3D1 HTTP/1.1" 302 None
2023-05-02 18:06:45,051 DEBUG: https://www.amazon.in:443 "GET /OnePlus-Nord-Pastel-128GB-Storage/dp/B0BY8JZ22K/ref=sr_1_2_sspa?crid=2C9GZV1PQRGTM&keywords=smartphones&qid=1683031000&sprefix=abc%2Caps%2C501&sr=8-2-spons&sp_csd=d2lkZ2V0TmFtZT1zcF9hdGY&psc=1 HTTP/1.1" 200 None
2023-05-02 18:06:48,338 ERROR:  Product Name Unavailable : 'NoneType' object has no attribute 'text'
2023-05-02 18:06:48,340 DEBUG: Starting new HTTPS connection (1): www.amazon.in:443
2023-05-02 18:06:48,672 DEBUG: https://www.amazon.in:443 "GET /Redmi-Storage-Battery-Finger-Booster/dp/B09XB7SRQ5/ref=sr_1_3?crid=2C9GZV1PQRGTM&keywords=smartphones&qid=1683031000&sprefix=abc%2Caps%2C501&sr=8-3 HTTP/1.1" 200 None
2023-05-02 18:06:51,935 ERROR:  Product Name Unavailable : 'NoneType' object has no attribute 'text'
2023-05-02 18:06:51,937 DEBUG: Starting new HTTPS connection (1): www.amazon.in:443
2023-05-02 18:06:52,285 DEBUG: https://www.amazon.in:443 "GET /realme-Storage-Octa-core-Processor-Battery/dp/B0BBM7L888/ref=sr_1_4?crid=2C9GZV1PQRGTM&keywords=smartphones&qid=1683031000&sprefix=abc%2Caps%2C501&sr=8-4 HTTP/1.1" 200 None
2023-05-02 18:06:55,096 DEBUG: Product Name= realme narzo 50i Prime (Dark Blue 4GB RAM+64GB Storage) Octa-core Processor | 5000 mAh Battery
2023-05-02 18:06:55,101 DEBUG: Product Price= 7999.0
2023-05-02 18:06:55,105 DEBUG: Product description= ["Powerful Unisoc T612 processor for smooth day to day performance |Superb performance with an AnTuTu Benchmark Score of 214, 150 | Power efficient 12nm Process with Octa-core CPU to make your daily tasks easier", "Display: 6.5 inch HD+ display with 400nits of brightness brings a full screen display and vibrant colors to make every ounce of the experience exciting.", "8MP back camera for crisp and clear shots and 5MP front camera picture perfect selfies", "5000mAh Massive Battery with 10W fast charging support. The 10W fast charger is included in the box.", "4 GB RAM LPDDR4X Fast memory | 64 GB ROM UFS 2.2 | External storage is Expandable Up to 1TB"]
2023-05-02 18:06:55,108 DEBUG: Product number_of_ratings= 3801
2023-05-02 18:06:55,112 DEBUG: Product number_of_stars= 4.0
2023-05-02 18:06:55,115 DEBUG: Product num_answered_questions= 181
2023-05-02 18:06:55,127 DEBUG: Product feature_list= ["Free Delivery", "Pay on Delivery", "7 days Replacement", "1 Year Warranty", "Top Brand", "Amazon Delivered", "Secure transaction"]
2023-05-02 18:06:55,134 DEBUG: Product technical_details= {'OS': 'Android 11.0', 'RAM': '4 GB', 'Product_Dimensions': '0.9 x 7.6 x 16.4 cm; 182 Grams', 'Batteries': '1 Lithium Polymer batteries required. (included)', 'Item_model_number': 'RMX3506', 'Wireless_communication_technologies': 'Cellular', 'Connectivity_technologies': 'Bluetooth, Wi-Fi, USB', 'GPS': 'True', 'Special_features': 'Rear Camera, Fast Charging', 'Other_display_features': 'Wireless', 'Resolution': '720p', 'Other_camera_features': 'Front', 'Form_factor': 'Smartphone', 'Colour': 'Dark Blue', 'Battery_Power_Rating': '5000', 'Whats_in_the_box': 'Quick Guide, Handset, Sim Card Tool, Adapter, USB Cable', 'Manufacturer': 'OPPO Mobiles India Pvt Ltd', 'Country_of_Origin': 'India', 'Item_Weight': '182 g'}
2023-05-02 18:06:55,146 DEBUG: Product additional_details= {'ASIN': 'B0BBM7L888', 'Customer_Reviews': '4.0 4.0 out of 5 stars 3,801 ratings 4.0 out of 5 stars', 'Best_Sellers_Rank': '#154 in Electronics (See Top 100 in Electronics) #43 in Smartphones', 'Date_First_Available': '6 September 2022', 'Manufacturer': 'OPPO Mobiles India Pvt Ltd, OPPO Mobiles India Pvt Ltd,Ploy.No. 1, Udyog Vihar, Greater Noida, Gautam Buddha Nagar, Uttar Pradesh - 201306', 'Packer': 'Realme Mobile Telecommunications India Private Limited 3rd Floor, Tower-B, Building No.8, DLF Cyber City, Gurugram - 122002, Haryana, India', 'Importer': 'Oppo Mobiles India Private Limited', 'Item_Dimensions_LxWxH': '9 x 76 x 164 Millimeters', 'Net_Quantity': '1 Count', 'Generic_Name': 'Smartphone'}
2023-05-02 18:06:56,223 DEBUG: Starting new HTTPS connection (1): www.amazon.in:443
2023-05-02 18:06:56,560 DEBUG: https://www.amazon.in:443 "GET /Oppo-Glowing-SUPERVOOC-Additional-Exchange/dp/B082FSKYCV/ref=sr_1_5?crid=2C9GZV1PQRGTM&keywords=smartphones&qid=1683031000&sprefix=abc%2Caps%2C501&sr=8-5 HTTP/1.1" 200 None
2023-05-02 18:06:59,669 ERROR:  Product Name Unavailable : 'NoneType' object has no attribute 'text'
2023-05-02 18:06:59,671 DEBUG: Starting new HTTPS connection (1): www.amazon.in:443
2023-05-02 18:07:00,032 DEBUG: https://www.amazon.in:443 "GET /Redmi-Storage-Segment-5000mAh-Battery/dp/B0BBN4DZBD/ref=sr_1_6?crid=2C9GZV1PQRGTM&keywords=smartphones&qid=1683031000&sprefix=abc%2Caps%2C501&sr=8-6 HTTP/1.1" 200 None
2023-05-02 18:07:03,077 DEBUG: Product Name= Redmi A1 (Light Blue, 2GB RAM, 32GB Storage) | Segment Best AI Dual Cam | 5000mAh Battery | Leather Texture Design | Android 12
2023-05-02 18:07:03,082 DEBUG: Product Price= 5699.0
2023-05-02 18:07:03,087 DEBUG: Product description= ["Display: 16.56cm HD+ Scratch resistant display", "Processor: MediaTek Helio A22 processor; up to 2.0GHz", "Camera: 8MP Dual camera | 5MP Front camera", "Memory, Storage & SIM: 2GB LPDDR4x RAM | 32GB storage expandable up to 512GB with dedicated SD card slot | Dual SIM (nano+nano) dual standby (4G+4G)", "Battery: 5000 mAh large battery with 10W in-box charger"]
2023-05-02 18:07:03,090 DEBUG: Product number_of_ratings= 14176
2023-05-02 18:07:03,093 DEBUG: Product number_of_stars= 4.0
2023-05-02 18:07:03,097 DEBUG: Product num_answered_questions= 293
2023-05-02 18:07:03,109 DEBUG: Product feature_list= ["Free Delivery", "Pay on Delivery", "7 days Replacement", "1 Year Warranty", "Top Brand", "Amazon Delivered", "Secure transaction"]
2023-05-02 18:07:03,116 DEBUG: Product technical_details= {'OS': 'Chrome OS', 'RAM': '2 GB', 'Product_Dimensions': '16.5 x 0.9 x 7.7 cm; 192 Grams', 'Batteries': '1 Lithium Polymer batteries required. (included)', 'Item_part_number': 'B0BBN4DZBD', 'Wireless_communication_technologies': 'Bluetooth, Wi-Fi', 'Connectivity_technologies': 'Bluetooth, Wi-Fi, USB', 'GPS': 'True', 'Special_features': 'Splash proof design, 8MP AI Dual Camera Portrait mode | Short video | Time-lapse, 3.5mm Jack, Dedicated Micro SD Slot', 'Other_display_features': 'Wireless', 'Device_interface_-_primary': 'Touchscreen', 'Other_camera_features': 'Rear, Front', 'Audio_Jack': '3.5 mm', 'Form_factor': 'Bar', 'Colour': 'Light Blue', 'Battery_Power_Rating': '5000', 'Whats_in_the_box': 'Redmi A1, Power adapter, USB cable, SIM eject tool, Warranty card, User guide', 'Manufacturer': 'Redmi', 'Country_of_Origin': 'India', 'Item_Weight': '192 g'}
2023-05-02 18:07:03,128 DEBUG: Product additional_details= {'ASIN': 'B0BBN4DZBD', 'Customer_Reviews': '4.0 out of 5 stars 4.0 14,176 ratings 4.0 out of 5 stars', 'Best_Sellers_Rank': '#15 in Electronics (See Top 100 in Electronics) #9 in Smartphones', 'Date_First_Available': '9 September 2022', 'Manufacturer': 'Redmi, DBG Technology (India) Pvt Ltd , PLOT NO-2, BAWAL, SECTOR-8, Rewari, Haryana, 123501', 'Packer': 'DBG Technology (India) Pvt Ltd , PLOT NO-2, BAWAL, SECTOR-8, Rewari, Haryana, 123501', 'Importer': 'Xiaomi Technology India Private Limited, Building Orchid. Block E, Embassy Tech Village, Marathahalli Outer Ring Road, Devarabisanahalli, Bengaluru 560103', 'Item_Dimensions_LxWxH': '16.5 x 0.9 x 7.7 Centimeters', 'Net_Quantity': '192 Grams', 'Generic_Name': 'Smartphone'}
2023-05-02 18:07:04,145 DEBUG: Starting new HTTPS connection (1): www.amazon.in:443
2023-05-02 18:07:04,507 DEBUG: https://www.amazon.in:443 "GET /Samsung-Galaxy-Cloud-128GB-Storage/dp/B08VB2MRF8/ref=sr_1_7?crid=2C9GZV1PQRGTM&keywords=smartphones&qid=1683031000&sprefix=abc%2Caps%2C501&sr=8-7 HTTP/1.1" 200 None
2023-05-02 18:07:07,607 DEBUG: Product Name= Samsung Galaxy S20 FE 5G (Cloud Mint, 8GB RAM, 128GB Storage)
2023-05-02 18:07:07,613 DEBUG: Product Price= 26990.0
2023-05-02 18:07:07,617 DEBUG: Product description= ["5G Ready powered by Qualcomm Snapdragon 865 Octa-Core processor, 8GB RAM, 128GB internal memory expandable up to 1TB, Android 11.0 operating system and dual SIM", "Triple Rear Camera Setup - 12MP (Dual Pixel) OIS F1.8 Wide Rear Camera + 8MP OIS Tele Camera + 12MP Ultra Wide | 30X Space Zoom, Single Take & Night Mode | 32MP F2.2 Front Punch Hole Camera", "6.5-inch(16.40 centimeters) Infinity-O Super AMOLED Display with 120Hz Refresh rate, 1080 x 2400 (FHD+) Resolution \"", "4500 mAh battery (Non -removable) with Super Fast Charging, FAst Wireless Charging & Finger Print sensor", "IP68 Rated, MicroSD Card Slot (Expandable upto 1 TB), Dual Nano Sim, Hybrid Sim Slot, 5G+5G Dual stand by", "Disclaimer: N28 band for Stand alone 5G network is not compatible"]
2023-05-02 18:07:07,620 DEBUG: Product number_of_ratings= 30473
2023-05-02 18:07:07,623 DEBUG: Product number_of_stars= 4.2
2023-05-02 18:07:07,627 DEBUG: Product num_answered_questions= 1000
2023-05-02 18:07:07,638 DEBUG: Product feature_list= ["Free Delivery", "Pay on Delivery", "7 days Replacement", "1 Year Warranty", "Top Brand", "Amazon Delivered", "Secure transaction"]
2023-05-02 18:07:07,645 DEBUG: Product technical_details= {'OS': 'Android 11.0', 'RAM': '8 GB', 'Product_Dimensions': '0.84 x 7.45 x 15.98 cm; 190 Grams', 'Batteries': '1 Lithium Ion batteries required. (included)', 'Item_model_number': 'SM-G781BZGGINS', 'Wireless_communication_technologies': 'Bluetooth, Wi-Fi', 'Connectivity_technologies': 'WiFi 5G; WLAN; Bluetooth; GPS; NFC; Radio; USB', 'GPS': 'GLONASS', 'Special_features': 'Rear Camera, Dual_Sim, Camera, Fast Charging, Hybrid Sim Slot', 'Display_technology': 'AMOLED', 'Colours_displayed': 'Infinity-O Super Display with 120Hz Refresh rate', 'Other_display_features': 'Wireless', 'Device_interface_-_primary': 'Touchscreen', 'Resolution': '1080 x 2400', 'Other_camera_features': 'Triple Rear Camera (12MP+8MP+12MP) | 32MP Front Camera', 'Form_factor': 'Slate', 'Colour': 'Cloud Green', 'Battery_Power_Rating': '4500', 'Whats_in_the_box': 'Handset, Non-removable Battery Included, Travel Adapter, USB Cable, User Manual', 'Manufacturer': 'Samsung', 'Country_of_Origin': 'India', 'Item_Weight': '190 g'}
2023-05-02 18:07:07,655 DEBUG: Product additional_details= {'ASIN': 'B08VB2MRF8', 'Customer_Reviews': '4.2 4.2 out of 5 stars 30,473 ratings 4.2 out of 5 stars', 'Best_Sellers_Rank': '#126 in Electronics (See Top 100 in Electronics) #36 in Smartphones', 'Date_First_Available': '2 March 2021', 'Manufacturer': 'Samsung, Samsung India Electronics Pvt ltd, 6th Floor , DLF Centre, Sansad Marg, New Delhi - 110001 . Email id: support.india@samsung.com, Tel(Toll Free): 1800 40 7267864', 'Packer': 'Samsung India Electronics Pvt ltd, 6th Floor , DLF Centre, Sansad Marg, New Delhi - 110001 . Email id: support.india@samsung.com, Tel(Toll Free): 1800 40 7267864', 'Item_Dimensions_LxWxH': '8 x 74 x 160 Millimeters', 'Net_Quantity': '1 Count', 'Generic_Name': 'Smartphones'}
2023-05-02 18:07:08,675 DEBUG: Starting new HTTPS connection (1): www.amazon.in:443
2023-05-02 18:07:09,030 DEBUG: https://www.amazon.in:443 "GET /Nokia-Android-Smartphone-Battery-Storage/dp/B09Y99VSSJ/ref=sr_1_8?crid=2C9GZV1PQRGTM&keywords=smartphones&qid=1683031000&sprefix=abc%2Caps%2C501&sr=8-8 HTTP/1.1" 200 None
2023-05-02 18:07:12,029 DEBUG: Product Name= Nokia G21 Android Smartphone, Dual SIM, 3-Day Battery Life, 6GB RAM + 128GB Storage, 50MP Triple AI Camera | Nordic Blue
2023-05-02 18:07:12,034 DEBUG: Product Price= 12999.0
2023-05-02 18:07:12,038 DEBUG: Product description= ["6.5\u201d (16.51 cm) display with 90Hz refresh rate", "50MP triple AI rear camera with powerful AI imaging modes and OZO spatial Audio", "6GB RAM & 128GB internal storage, expandable up to 512GB", "Up to 3-days battery life with a 5050 mAh battery", "Pure Android 11 OS with 2 years OS of upgrades & 3 years of monthly security updates", "Powered by the Unisoc T606 processor", "Side Finger Print and Face Unlock"]
2023-05-02 18:07:12,042 DEBUG: Product number_of_ratings= 3760
2023-05-02 18:07:12,045 DEBUG: Product number_of_stars= 4.0
2023-05-02 18:07:12,048 DEBUG: Product num_answered_questions= 412
2023-05-02 18:07:12,060 DEBUG: Product feature_list= ["Free Delivery", "Pay on Delivery", "7 days Replacement", "1 Year Warranty", "Top Brand", "Amazon Delivered", "Secure transaction"]
2023-05-02 18:07:12,067 DEBUG: Product technical_details= {'OS': 'Android 11.0', 'RAM': '6 GB', 'Product_Dimensions': '16.5 x 7.5 x 0.8 cm; 191 Grams', 'Batteries': '1 Lithium Polymer batteries required. (included)', 'Wireless_communication_technologies': 'Cellular', 'Connectivity_technologies': 'Bluetooth, USB', 'GPS': 'True', 'Special_features': 'Dual_Sim', 'Other_display_features': 'Wireless', 'Device_interface_-_primary': 'Touchscreen', 'Other_camera_features': 'Rear, Front', 'Audio_Jack': '3.5 mm', 'Form_factor': 'Bar', 'Colour': 'Nordic Blue', 'Battery_Power_Rating': '5050', 'Phone_Talk_Time': '36 Hours', 'Whats_in_the_box': 'handset, Brick Box, 5V2A Charger, Typr C charger , Quick Start Guide, Safety Booklet, TPU Jelly case', 'Manufacturer': 'LAVA INTERNATIONAL LIMITED A -154-D, SECTOR 63, NOIDA, GAUTAM BUDH NAGAR, UTTAR PRADESH 201301', 'Country_of_Origin': 'India', 'Imported_By': 'HMD MOBILE INDIA PRIVATE LIMITED', 'Item_Weight': '191 g'}
2023-05-02 18:07:12,079 DEBUG: Product additional_details= {'ASIN': 'B09Y99VSSJ', 'Customer_Reviews': '4.0 4.0 out of 5 stars 3,760 ratings 4.0 out of 5 stars', 'Best_Sellers_Rank': '#998 in Electronics (See Top 100 in Electronics) #115 in Smartphones', 'Date_First_Available': '19 April 2022', 'Manufacturer': 'LAVA INTERNATIONAL LIMITED A -154-D, SECTOR 63, NOIDA, GAUTAM BUDH NAGAR, UTTAR PRADESH 201301, LAVA INTERNATIONAL LIMITED A -154-D, SECTOR 63, NOIDA, GAUTAM BUDH NAGAR, UTTAR PRADESH 201301', 'Packer': 'LAVA INTERNATIONAL LIMITED A -154-D, SECTOR 63, NOIDA, GAUTAM BUDH NAGAR, UTTAR PRADESH 201301', 'Importer': 'HMD MOBILE INDIA PRIVATE LIMITED', 'Item_Dimensions_LxWxH': '16.5 x 7.5 x 0.8 Centimeters', 'Net_Quantity': '1 Count', 'Generic_Name': 'Smartphones'}
2023-05-02 18:07:13,098 DEBUG: Starting new HTTPS connection (1): www.amazon.in:443
2023-05-02 18:07:13,459 DEBUG: https://www.amazon.in:443 "GET /Redmi-Charcoal-Storage-Battery-Booster/dp/B09XB8GFBQ/ref=sr_1_9?crid=2C9GZV1PQRGTM&keywords=smartphones&qid=1683031000&sprefix=abc%2Caps%2C501&sr=8-9 HTTP/1.1" 200 None
2023-05-02 18:07:16,206 DEBUG: Product Name= Redmi 10A (Charcoal Black, 4GB RAM, 64GB Storage) | 2 Ghz Octa Core Helio G25 | 5000 mAh Battery | Finger Print Sensor | Upto 5GB RAM with RAM Booster
2023-05-02 18:07:16,211 DEBUG: Product Price= 8599.0
2023-05-02 18:07:16,215 DEBUG: Product description= ["Camera: 13MP Rear Camera | 5MP Front Camera", "Display: HD+(1600x700) IPS LCD display; 15.58 centimeters (6.53 inch); 20:9 aspect ratio", "Processor: MediaTek Helio G25 Octa-core processor; Up to 2.0 GHz clock speed", "Battery: 5000 mAh large battery with 10W fast charger in-box and Micro USB connectivity", "Memory, Storage & SIM:4GB RAM | 64GB storage expandable upto 512GB with dedicated SD card slot | Dual SIM (nano+nano) dual standby(4G+4G)"]
2023-05-02 18:07:16,218 DEBUG: Product number_of_ratings= 17584
2023-05-02 18:07:16,222 DEBUG: Product number_of_stars= 4.0
2023-05-02 18:07:16,225 DEBUG: Product num_answered_questions= 309
2023-05-02 18:07:16,238 DEBUG: Product feature_list= ["Free Delivery", "Pay on Delivery", "7 days Replacement", "1 Year Warranty", "Top Brand", "Amazon Delivered", "Secure transaction"]
2023-05-02 18:07:16,246 DEBUG: Product technical_details= {'OS': 'MIUI 12.5', 'RAM': '4 GB', 'Product_Dimensions': '16.5 x 7.7 x 0.9 cm; 194 Grams', 'Batteries': '1 Lithium Polymer batteries required. (included)', 'Wireless_communication_technologies': 'Bluetooth, Wi-Fi', 'Connectivity_technologies': 'Bluetooth, Wi-Fi, USB', 'GPS': 'True', 'Special_features': 'Portrait | Time Lapse | Pro Mode | Night Mode | Short Video Mode | HDR | Google Lens, 3.5mm Jack, Dedicated Micro SD Slot', 'Display_technology': 'LCD', 'Other_display_features': 'Wireless', 'Device_interface_-_primary': 'Touchscreen', 'Other_camera_features': 'Rear Camera (13MP) | 5MP Front Camera', 'Audio_Jack': '3.5 mm', 'Form_factor': 'Bar', 'Colour': 'Charcoal Black', 'Battery_Power_Rating': '5000', 'Whats_in_the_box': 'SIM Tray Ejector, Adapter, USB Cable', 'Manufacturer': 'Redmi', 'Country_of_Origin': 'India', 'Item_Weight': '194 g'}
2023-05-02 18:07:16,258 DEBUG: Product additional_details= {'ASIN': 'B09XB8GFBQ', 'Customer_Reviews': '4.0 4.0 out of 5 stars 17,584 ratings 4.0 out of 5 stars', 'Best_Sellers_Rank': '#152 in Electronics (See Top 100 in Electronics) #42 in Smartphones', 'Date_First_Available': '26 April 2022', 'Manufacturer': 'Redmi, Bharat FIH limited , #380,BELERICA ROAD,SRI CITY,SIDDAM AGRAHARAM VILLAGE,VARADAIAHPALEM MANDAL,CHITTOOR DISTRICT-517541,ANDHRA PRADESH / BYD INDIA PRIVATE LIMITED, DEVELOPED PLOT NO.OZ-7,SIPCOT ORAGADAM, SRIPERUMBUDUR (TK) KANCHEEPURAM DISTRICT 602105 TAMIL NADU', 'Packer': 'Bharat FIH limited , #380,BELERICA ROAD,SRI CITY,SIDDAM AGRAHARAM VILLAGE,VARADAIAHPALEM MANDAL,CHITTOOR DISTRICT-517541,ANDHRA PRADESH / BYD INDIA PRIVATE LIMITED, DEVELOPED PLOT NO.OZ-7,SIPCOT ORAGADAM, SRIPERUMBUDUR (TK) KANCHEEPURAM DISTRICT 602105 TAMIL NADU', 'Importer': 'Xiaomi Technology India Private Limited, Building Orchid. Block E, Embassy Tech Village, Marathahalli Outer Ring Road, Devarabisanahalli, Bengaluru 560103', 'Item_Dimensions_LxWxH': '16.5 x 7.7 x 0.9 Centimeters', 'Net_Quantity': '194 Grams', 'Generic_Name': 'Smartphone'}
2023-05-02 18:07:17,270 DEBUG: Starting new HTTPS connection (1): www.amazon.in:443
2023-05-02 18:07:17,735 DEBUG: https://www.amazon.in:443 "GET /Redmi-Storage-Segment-5000mAh-Battery/dp/B0BBN56J5H/ref=sr_1_10?crid=2C9GZV1PQRGTM&keywords=smartphones&qid=1683031000&sprefix=abc%2Caps%2C501&sr=8-10 HTTP/1.1" 200 None
2023-05-02 18:07:20,804 DEBUG: Product Name= Redmi A1 (Black, 2GB RAM, 32GB Storage) | Segment Best AI Dual Cam | 5000mAh Battery | Leather Texture Design | Android 12
2023-05-02 18:07:20,809 DEBUG: Product Price= 5699.0
2023-05-02 18:07:20,813 DEBUG: Product description= ["Display: 16.56cm HD+ Scratch resistant display", "Processor: MediaTek Helio A22 processor; up to 2.0GHz", "Camera: 8MP Dual camera | 5MP Front camera", "Memory, Storage & SIM: 2GB LPDDR4x RAM | 32GB storage expandable up to 512GB with dedicated SD card slot | Dual SIM (nano+nano) dual standby (4G+4G)", "Battery: 5000 mAh large battery with 10W in-box charger"]
2023-05-02 18:07:20,816 DEBUG: Product number_of_ratings= 14176
2023-05-02 18:07:20,820 DEBUG: Product number_of_stars= 4.0
2023-05-02 18:07:20,823 DEBUG: Product num_answered_questions= 293
2023-05-02 18:07:20,835 DEBUG: Product feature_list= ["Free Delivery", "Pay on Delivery", "7 days Replacement", "1 Year Warranty", "Top Brand", "Amazon Delivered", "Secure transaction"]
2023-05-02 18:07:20,843 DEBUG: Product technical_details= {'OS': 'Windows 11 Home', 'RAM': '2 GB', 'Product_Dimensions': '16.5 x 0.9 x 7.7 cm; 192 Grams', 'Batteries': '1 Lithium Polymer batteries required. (included)', 'Item_part_number': 'B0BBN56J5H', 'Wireless_communication_technologies': 'Bluetooth, Wi-Fi', 'Connectivity_technologies': 'Bluetooth, Wi-Fi, USB', 'GPS': 'True', 'Special_features': 'Splash proof design, 8MP AI Dual Camera Portrait mode | Short video | Time-lapse, 3.5mm Jack, Dedicated Micro SD Slot', 'Other_display_features': 'Wireless', 'Device_interface_-_primary': 'Touchscreen', 'Other_camera_features': 'Rear, Front', 'Audio_Jack': '3.5 mm', 'Form_factor': 'Bar', 'Colour': 'Black', 'Battery_Power_Rating': '5000', 'Whats_in_the_box': 'Redmi A1, Power adapter, USB cable, SIM eject tool, Warranty card, User guide', 'Manufacturer': 'Redmi', 'Country_of_Origin': 'India', 'Item_Weight': '192 g'}
2023-05-02 18:07:20,854 DEBUG: Product additional_details= {'ASIN': 'B0BBN56J5H', 'Customer_Reviews': '4.0 4.0 out of 5 stars 14,176 ratings 4.0 out of 5 stars', 'Best_Sellers_Rank': '#21 in Electronics (See Top 100 in Electronics) #13 in Smartphones', 'Date_First_Available': '9 September 2022', 'Manufacturer': 'Redmi, DBG Technology (India) Pvt Ltd , PLOT NO-2, BAWAL, SECTOR-8, Rewari, Haryana, 123501', 'Packer': 'DBG Technology (India) Pvt Ltd , PLOT NO-2, BAWAL, SECTOR-8, Rewari, Haryana, 123501', 'Importer': 'Xiaomi Technology India Private Limited, Building Orchid. Block E, Embassy Tech Village, Marathahalli Outer Ring Road, Devarabisanahalli, Bengaluru 560103', 'Item_Dimensions_LxWxH': '16.5 x 0.9 x 7.7 Centimeters', 'Net_Quantity': '192 Grams', 'Generic_Name': 'Smartphone'}
2023-05-02 18:07:21,863 DEBUG: Starting new HTTPS connection (1): www.amazon.in:443
2023-05-02 18:07:22,287 DEBUG: https://www.amazon.in:443 "GET /sspa/click?ie=UTF8&spc=MTo3NDk2NzE2NjQ3Njc5MzU0OjE2ODMwMzEwMDA6c3BfbXRmOjIwMDQ2MzgxMzE0NDk4OjowOjo&url=%2FOnePlus-Nord-Black-128GB-Storage%2Fdp%2FB09WQY65HN%2Fref%3Dsr_1_11_sspa%3Fcrid%3D2C9GZV1PQRGTM%26keywords%3Dsmartphones%26qid%3D1683031000%26sprefix%3Dabc%252Caps%252C501%26sr%3D8-11-spons%26sp_csd%3Dd2lkZ2V0TmFtZT1zcF9tdGY%26psc%3D1 HTTP/1.1" 302 25
2023-05-02 18:07:22,622 DEBUG: https://www.amazon.in:443 "GET /OnePlus-Nord-Black-128GB-Storage/dp/B09WQY65HN/ref=sr_1_11_sspa?crid=2C9GZV1PQRGTM&keywords=smartphones&qid=1683031000&sprefix=abc%2Caps%2C501&sr=8-11-spons&sp_csd=d2lkZ2V0TmFtZT1zcF9tdGY&psc=1 HTTP/1.1" 200 None
2023-05-02 18:07:25,969 ERROR:  Product Name Unavailable : 'NoneType' object has no attribute 'text'
2023-05-02 18:07:25,971 DEBUG: Starting new HTTPS connection (1): www.amazon.in:443
2023-05-02 18:07:26,457 DEBUG: https://www.amazon.in:443 "GET /sspa/click?ie=UTF8&spc=MTo3NDk2NzE2NjQ3Njc5MzU0OjE2ODMwMzEwMDA6c3BfbXRmOjIwMTQ1OTY2MDg3ODk4OjowOjo&url=%2Frealme-Segment-Fastest-Charging-High-res%2Fdp%2FB0BZ466BWW%2Fref%3Dsr_1_12_sspa%3Fcrid%3D2C9GZV1PQRGTM%26keywords%3Dsmartphones%26qid%3D1683031000%26sprefix%3Dabc%252Caps%252C501%26sr%3D8-12-spons%26sp_csd%3Dd2lkZ2V0TmFtZT1zcF9tdGY%26psc%3D1 HTTP/1.1" 302 25
2023-05-02 18:07:26,763 DEBUG: https://www.amazon.in:443 "GET /realme-Segment-Fastest-Charging-High-res/dp/B0BZ466BWW/ref=sr_1_12_sspa?crid=2C9GZV1PQRGTM&keywords=smartphones&qid=1683031000&sprefix=abc%2Caps%2C501&sr=8-12-spons&sp_csd=d2lkZ2V0TmFtZT1zcF9tdGY&psc=1 HTTP/1.1" 200 None
2023-05-02 18:07:29,699 ERROR:  Product Name Unavailable : 'NoneType' object has no attribute 'text'
2023-05-02 18:07:29,702 DEBUG: Starting new HTTPS connection (1): www.amazon.in:443
2023-05-02 18:07:30,151 DEBUG: https://www.amazon.in:443 "GET /iQOO-Dimensity-Processor-Brightest-FlashCharge/dp/B07WFPMQB1/ref=sr_1_13?crid=2C9GZV1PQRGTM&keywords=smartphones&qid=1683031000&sprefix=abc%2Caps%2C501&sr=8-13 HTTP/1.1" 200 None
2023-05-02 18:07:33,293 DEBUG: Product Name= iQOO Z7 5G by vivo (Norway Blue, 6GB RAM, 128GB Storage) | Dimensity 920 5G 6nm Processor | 64MP OIS Ultra Stable Camera | Segment's Brightest AMOLED Display | 44W FlashCharge
2023-05-02 18:07:33,298 DEBUG: Product Price= 18999.0
2023-05-02 18:07:33,302 DEBUG: Product description= ["MediaTek Dimensity 920 5G platform gets an AnTuTu Score of 485K+ (about 18% improvement from the iQOO Z6 5G). Octa-core processor based on power-efficient 6nm process, supports HDR graphics, Faster Wi Fi 6, Dual 5G", "64MP OIS Ultra Stable Camera; 2MP Bokeh camera; Front (Selfie) Camera: 16MP", "Camera Features: Ultra Stabilization Mode, Vlog Movie, Dual View Video, HDR, Night Mode, Portrait mode, Double Exposure, Panorama Mode, Pro mode, 4K video at 30fps, 1080p video at 60 fps", "6.38 inches FHD+ AMOLED display, 1300 nits peak local brightness, 90 Hz refresh rate, HDR10+ certified, Schott Xensation UP glass protection, IP54 rated", "44W FlashCharge, Get 50% (or full-day) charge in just 25 minutes", "Ultra Game Mode, Motion Control, and 1200Hz Instant touch sampling rate for immersive gaming", "Extended RAM 3.0, Upto 1TB Expandable Storage, 3.5mm audio jack", "FunTouch OS 13 based on Android 13"]
2023-05-02 18:07:33,306 DEBUG: Product number_of_ratings= 1547
2023-05-02 18:07:33,309 DEBUG: Product number_of_stars= 4.1
2023-05-02 18:07:33,313 DEBUG: Product num_answered_questions= 502
2023-05-02 18:07:33,323 DEBUG: Product feature_list= ["Free Delivery", "Pay on Delivery", "7 days Replacement", "1 Year Warranty", "Top Brand", "Amazon Delivered", "Secure transaction"]
2023-05-02 18:07:33,330 DEBUG: Product technical_details= {'OS': 'Funtouch OS 13 Based On Android 13', 'RAM': '6 GB', 'Product_Dimensions': '15.9 x 7.4 x 0.8 cm; 173 Grams', 'Batteries': '1 Lithium Ion batteries required. (included)', 'Item_model_number': 'I2207', 'Wireless_communication_technologies': 'Cellular', 'Connectivity_technologies': 'Bluetooth, Wi-Fi, USB', 'GPS': 'True', 'Special_features': 'Fast Charging Support, 4K Video Recording, Fingerprint Sensor, Dual SIM, GPS, Video Player, Music Player', 'Other_display_features': 'Wireless', 'Device_interface_-_primary': 'Touchscreen', 'Other_camera_features': 'Dual Camera (64MP+2MP)', 'Audio_Jack': '3.5 mm', 'Form_factor': 'Bar', 'Colour': 'Norway Blue', 'Battery_Power_Rating': '4500', 'Whats_in_the_box': 'Cell phone, Charger, USB cable, Eject tool, Quick start guide, Warranty card, Phone case', 'Manufacturer': 'vivo', 'Country_of_Origin': 'India', 'Item_Weight': '173 g'}
2023-05-02 18:07:33,340 DEBUG: Product additional_details= {'ASIN': 'B07WFPMQB1', 'Customer_Reviews': '4.1 out of 5 stars 4.1 1,547 ratings 4.1 out of 5 stars', 'Best_Sellers_Rank': '#130 in Electronics (See Top 100 in Electronics) #38 in Smartphones', 'Date_First_Available': '20 March 2023', 'Manufacturer': 'vivo, Vivo Mobile India Pvt Ltd, Tech-1 and Tech-2, World Trade Centre, Plot no-TZ-13A, Techzone (I.T. Park), Greater Noida, Uttar Pradesh, India. Pin - 201308', 'Packer': 'vivo Mobile India Pvt Ltd', 'Importer': 'vivo Mobile India Pvt Ltd', 'Item_Dimensions_LxWxH': '15.9 x 7.4 x 0.8 Centimeters', 'Net_Quantity': '1 Count', 'Generic_Name': 'Smartphone'}
2023-05-02 18:07:34,358 DEBUG: Starting new HTTPS connection (1): www.amazon.in:443
2023-05-02 18:07:34,783 DEBUG: https://www.amazon.in:443 "GET /OnePlus-Nord-Pastel-256GB-Storage/dp/B0BY8JV4PX/ref=sr_1_14?crid=2C9GZV1PQRGTM&keywords=smartphones&qid=1683031000&sprefix=abc%2Caps%2C501&sr=8-14 HTTP/1.1" 200 None
2023-05-02 18:07:37,709 ERROR:  Product Name Unavailable : 'NoneType' object has no attribute 'text'
2023-05-02 18:07:37,711 DEBUG: Starting new HTTPS connection (1): www.amazon.in:443
2023-05-02 18:07:38,116 DEBUG: https://www.amazon.in:443 "GET /Redmi-Chrome-Silver-Dimensity-5000mAh/dp/B0BBFKYH4N/ref=sr_1_15?crid=2C9GZV1PQRGTM&keywords=smartphones&qid=1683031000&sprefix=abc%2Caps%2C501&sr=8-15 HTTP/1.1" 200 None
2023-05-02 18:07:41,159 DEBUG: Product Name= Redmi 11 Prime 5G (Chrome Silver, 4GB RAM 64GB ROM) | Prime Design | MTK Dimensity 700 | 50 MP Dual Cam | 5000mAh | 7 Band 5G
2023-05-02 18:07:41,165 DEBUG: Product Price= 13499.0
2023-05-02 18:07:41,169 DEBUG: Product description= ["Processor: MediaTek Dimensity 700 with 5G, 7nm Octa-core processor; Up to 2.2GHz", "Display: 90Hz FHD+(1080x2400) AdaptiveSync Display; 16.71centimeters; 20:9 aspect ratio", "Camera: 50MP AI Dual camera | 8MP Front camera", "Memory, Storage & SIM: 4GB RAM | 64GB UFS 2.2 storage expandable up to 512GB with dedicated SD card slot | Dual SIM (nano+nano) dual standby (5G+5G)", "Battery: 5000 mAh large battery with 18W fast charging support and 22.5W fast charger in-box with Type-C connectivity"]
2023-05-02 18:07:41,172 DEBUG: Product number_of_ratings= 4821
2023-05-02 18:07:41,176 DEBUG: Product number_of_stars= 3.9
2023-05-02 18:07:41,180 DEBUG: Product num_answered_questions= 263
2023-05-02 18:07:41,192 DEBUG: Product feature_list= ["Free Delivery", "Pay on Delivery", "7 days Replacement", "1 Year Warranty", "Top Brand", "Amazon Delivered", "Secure transaction"]
2023-05-02 18:07:41,200 DEBUG: Product technical_details= {'OS': 'MIUI 13', 'RAM': '4 GB', 'Product_Dimensions': '16.4 x 0.9 x 7.6 cm; 200 Grams', 'Batteries': '1 Lithium Polymer batteries required. (included)', 'Wireless_communication_technologies': 'Bluetooth, Cellular, Wi-Fi', 'Connectivity_technologies': 'Bluetooth, Wi-Fi, Infrared, USB', 'GPS': 'True', 'Special_features': '3.5mm Jack, IR Blaster, Dedicated Micro SD Slot, Splash proof design, Corning Gorilla Glass protection, 50MP AI Dual Camera setup Portrait | Pro mode | Night mode | Document mode | Panorama | Short video | Time-lapse', 'Other_display_features': 'Wireless', 'Device_interface_-_primary': 'Touchscreen', 'Other_camera_features': 'Rear, Front', 'Audio_Jack': '3.5 mm', 'Form_factor': 'Bar', 'Colour': 'Chrome Silver', 'Battery_Power_Rating': '5000', 'Whats_in_the_box': 'Redmi 11 Prime 5G, Power adapter, USB cable, SIM eject tool, Warranty card, User guide, Clear soft case, Screen protector pre-applied on the phone', 'Manufacturer': 'Redmi', 'Country_of_Origin': 'India', 'Item_Weight': '200 g'}
2023-05-02 18:07:41,215 DEBUG: Product additional_details= {'ASIN': 'B0BBFKYH4N', 'Customer_Reviews': '3.9 3.9 out of 5 stars 4,821 ratings 3.9 out of 5 stars', 'Best_Sellers_Rank': '#418 in Electronics (See Top 100 in Electronics) #67 in Smartphones', 'Date_First_Available': '9 September 2022', 'Manufacturer': 'Redmi, Bharat FIH limited , #380,BELERICA ROAD,SRI CITY,SIDDAM AGRAHARAM VILLAGE,VARADAIAHPALEM MANDAL,CHITTOOR DISTRICT-517541,ANDHRA PRADESH', 'Packer': 'Bharat FIH limited , #380,BELERICA ROAD,SRI CITY,SIDDAM AGRAHARAM VILLAGE,VARADAIAHPALEM MANDAL,CHITTOOR DISTRICT-517541,ANDHRA PRADESH', 'Importer': 'Xiaomi Technology India Private Limited, Building Orchid. Block E, Embassy Tech Village, Marathahalli Outer Ring Road, Devarabisanahalli, Bengaluru 560103', 'Item_Dimensions_LxWxH': '16.4 x 0.9 x 7.6 Centimeters', 'Net_Quantity': '200 Grams', 'Generic_Name': 'Smartphone'}
2023-05-02 18:07:42,243 DEBUG: Starting new HTTPS connection (1): www.amazon.in:443
2023-05-02 18:07:42,687 DEBUG: https://www.amazon.in:443 "GET /iQOO-Stellar-Snapdragon-Purchased-Separately/dp/B07WHSCG2C/ref=sr_1_16?crid=2C9GZV1PQRGTM&keywords=smartphones&qid=1683031000&sprefix=abc%2Caps%2C501&sr=8-16 HTTP/1.1" 200 None
2023-05-02 18:07:45,827 DEBUG: Product Name= iQOO Z6 Lite 5G (Stellar Green, 4GB RAM, 64GB Storage) | World's First Snapdragon 4 Gen 1 | Best in-Segment 120Hz Refresh Rate | Travel Adaptor Needs to be Purchased Seperately
2023-05-02 18:07:45,832 DEBUG: Product Price= 13999.0
2023-05-02 18:07:45,837 DEBUG: Product description= ["World's First Snapdragon 4 Gen 1 Processor, that allows you to level up your performance with confidence through its efficient 6nm Process.", "Best In-Segment 120Hz Screen Refresh Rate: Which comes with lagfree & nimble scrolling. The FHD+ display lets you enjoy to the fullest with every game you play and every content you watch with its crisp detailing of colours.", "5000mAh Battery: Keeps iQOO Z6 Lite 5G to a longer usage, for a more enjoyable gaming and video experience, which offers Music Playback Time of 127 Hours, Social Media of 21.6 hours, OTT Streaming of 14.5 hours and Gaming of 8.3 hours.", "50MP Eye Autofocus main camera, is designed to address the out-of-focus issues. The feature performs fast Eye Autofocus at a high refresh rate, allowing the camera to maintain a stable and clear focus on the subjects in movement.", "Stylish & Slim Design: 8.25mm Thin & 194g Weight, with All new 2.5D flat frame design with Matt finish"]
2023-05-02 18:07:45,840 DEBUG: Product number_of_ratings= 9073
2023-05-02 18:07:45,844 DEBUG: Product number_of_stars= 4.0
2023-05-02 18:07:45,847 DEBUG: Product num_answered_questions= 672
2023-05-02 18:07:45,861 DEBUG: Product feature_list= ["Free Delivery", "Pay on Delivery", "7 days Replacement", "1 Year Warranty", "Top Brand", "Amazon Delivered", "Secure transaction"]
2023-05-02 18:07:45,869 DEBUG: Product technical_details= {'OS': 'Funtouch OS 12 based on Android 12', 'RAM': '4 GB', 'Product_Dimensions': '16.4 x 7.6 x 0.8 cm; 194 Grams', 'Batteries': '1 Lithium Ion batteries required. (included)', 'Item_model_number': 'I2208', 'Wireless_communication_technologies': 'Cellular', 'Connectivity_technologies': 'Bluetooth, Wi-Fi, USB', 'GPS': 'True', 'Special_features': 'Fast Charging Support, 1TB Expandable Memory, Dual Camera, Fingerprint Sensor, Dual SIM, GPS, Video Player, Music Player', 'Other_display_features': 'Wireless', 'Device_interface_-_primary': 'Touchscreen', 'Other_camera_features': 'Rear Camera: 50MP + 2MP | Front Camera: 8MP', 'Audio_Jack': '3.5 mm', 'Form_factor': 'Bar', 'Colour': 'Stellar Green', 'Battery_Power_Rating': '5000', 'Whats_in_the_box': 'Cell Phone, Type-C USB Cable, Warranty Card, Quick Start Guide, SIM Eject Tool, Phone Protective Case', 'Manufacturer': 'iQOO', 'Country_of_Origin': 'India', 'Item_Weight': '194 g'}
2023-05-02 18:07:45,881 DEBUG: Product additional_details= {'ASIN': 'B07WHSCG2C', 'Customer_Reviews': '4.0 out of 5 stars (4.0) 9,073 ratings 4.0 out of 5 stars', 'Best_Sellers_Rank': '#239 in Electronics (See Top 100 in Electronics) #53 in Smartphones', 'Date_First_Available': '7 September 2022', 'Manufacturer': 'iQOO, Vivo Mobile India Pvt Ltd, Tech-1 and Tech-2, World Trade Centre, Plot no-TZ-13A, Techzone (I.T. Park), Greater Noida, Uttar Pradesh, India. Pin - 201308', 'Packer': 'Vivo Mobile India Pvt Ltd', 'Importer': 'Vivo Mobile India Pvt Ltd', 'Item_Dimensions_LxWxH': '16.4 x 7.6 x 0.8 Centimeters', 'Net_Quantity': '1 Pack', 'Generic_Name': 'Smartphone'}
2023-05-02 18:07:46,904 DEBUG: Starting new HTTPS connection (1): www.amazon.in:443
2023-05-02 18:07:47,602 DEBUG: https://www.amazon.in:443 "GET /Nokia-Android-Smartphone-Battery-Charcoal/dp/B0BGXG4B8S/ref=sr_1_17?crid=2C9GZV1PQRGTM&keywords=smartphones&qid=1683031000&sprefix=abc%2Caps%2C501&sr=8-17 HTTP/1.1" 200 None
2023-05-02 18:07:50,650 DEBUG: Product Name= Nokia G11 Android 12 Smartphone, Dual SIM, 3-Day Battery Life, 4GB RAM + 64GB Storage, 50MP Dual AI Camera | Charcoal Grey
2023-05-02 18:07:50,655 DEBUG: Product Price= 9249.0
2023-05-02 18:07:50,659 DEBUG: Product description= ["6.5\u201d (16.51 cm) display with 90Hz refresh rate", "50MP dual AI rear camera with powerful AI imaging modes and OZO spatial audio", "4GB RAM & 64GB internal storage, expandable up to 512GB", "Up to 3-days battery life with a 5050 mAh battery", "Clean Android 12 OS with 2 years OS of upgrades & 3 years of monthly security updates", "Powered by the Unisoc T606 processor", "Rear finger print and face unlock"]
2023-05-02 18:07:50,662 DEBUG: Product number_of_ratings= 249
2023-05-02 18:07:50,666 DEBUG: Product number_of_stars= 3.9
2023-05-02 18:07:50,669 DEBUG: Product num_answered_questions= 38
2023-05-02 18:07:50,680 DEBUG: Product feature_list= ["Free Delivery", "Pay on Delivery", "7 days Replacement", "1 Year Warranty", "Top Brand", "Amazon Delivered", "Secure transaction"]
2023-05-02 18:07:50,686 DEBUG: Product technical_details= {'OS': 'Android 12.0', 'RAM': '4 GB', 'Product_Dimensions': '16.5 x 7.6 x 0.9 cm; 189 Grams', 'Batteries': '1 Lithium Polymer batteries required. (included)', 'Wireless_communication_technologies': 'Cellular', 'Connectivity_technologies': 'Bluetooth, USB', 'GPS': 'True', 'Special_features': 'Rear Camera, Dual_Sim, Face Unlock, Camera', 'Other_display_features': 'Wireless', 'Device_interface_-_primary': 'Touchscreen', 'Other_camera_features': 'Rear, Front', 'Audio_Jack': '3.5 mm', 'Form_factor': 'Bar', 'Colour': 'GREY', 'Battery_Power_Rating': '5000', 'Phone_Talk_Time': '44.5 Hours', 'Phone_Standby_Time_(with_data)': '813 Hours', 'Whats_in_the_box': 'Device, Charger, Cable, User Guide', 'Manufacturer': 'For and on behalf of HMD Mobile India Private Limited', 'Country_of_Origin': 'India', 'Item_Weight': '189 g'}
2023-05-02 18:07:50,697 DEBUG: Product additional_details= {'ASIN': 'B0BGXG4B8S', 'Customer_Reviews': '3.9 out of 5 stars (3.9) 249 ratings 3.9 out of 5 stars', 'Best_Sellers_Rank': '#2,936 in Electronics (See Top 100 in Electronics) #191 in Smartphones', 'Date_First_Available': '30 September 2022', 'Manufacturer': 'For and on behalf of HMD Mobile India Private Limited, Pioneer Urban Square Complex, No 510 5th Floor, Tower C, Golf Course Extension Road, Sector 62, Gurgaon, Haryana, 122102, India', 'Packer': 'Padget Electronics Pvt Ltd, Plot No 154-C, Block A, Sector 63, Noida, Gautam Buddha Nagar, Uttar Pradesh 201301', 'Item_Dimensions_LxWxH': '16.5 x 7.6 x 0.9 Centimeters', 'Net_Quantity': '1 Count', 'Generic_Name': 'Smartphones'}
2023-05-02 18:07:51,709 DEBUG: Starting new HTTPS connection (1): www.amazon.in:443
2023-05-02 18:07:52,231 DEBUG: https://www.amazon.in:443 "GET /Nokia-Android-Smartphone-Capacity-Charcoal/dp/B0BW5SL3V1/ref=sr_1_18?crid=2C9GZV1PQRGTM&keywords=smartphones&qid=1683031000&sprefix=abc%2Caps%2C501&sr=8-18 HTTP/1.1" 200 None
2023-05-02 18:07:55,396 ERROR:  Product Name Unavailable : 'NoneType' object has no attribute 'text'
2023-05-02 18:07:55,398 DEBUG: Starting new HTTPS connection (1): www.amazon.in:443
2023-05-02 18:07:55,933 DEBUG: https://www.amazon.in:443 "GET /Nokia-Android-Smartphone-All-Day-Capacity/dp/B0BW5QRCPG/ref=sr_1_19?crid=2C9GZV1PQRGTM&keywords=smartphones&qid=1683031000&sprefix=abc%2Caps%2C501&sr=8-19 HTTP/1.1" 200 None
2023-05-02 18:07:58,795 DEBUG: Product Name= Nokia C12 Android 12 (Go Edition) Smartphone, All-Day Battery, 4GB RAM (2GB RAM + 2GB Virtual RAM) + 64GB Capacity | Light Mint
2023-05-02 18:07:58,799 DEBUG: Product Price= 5999.0
2023-05-02 18:07:58,804 DEBUG: Product description= ["4GB RAM with Memory Extension | 2GB RAM + 2GB Virtual RAM", "Fast performing octa-core processor", "1 year replacement guarantee", "Powerful Night and Portrait modes on the rear and front cameras", "Breathtaking 6.3\" HD+ display on a phone that's easy to hold", "Android 12 Go Edition with 2 years of quarterly security updates"]
2023-05-02 18:07:58,806 DEBUG: Product number_of_ratings= 322
2023-05-02 18:07:58,810 DEBUG: Product number_of_stars= 3.2
2023-05-02 18:07:58,813 DEBUG: Product num_answered_questions= 88
2023-05-02 18:07:58,824 DEBUG: Product feature_list= ["Free Delivery", "Pay on Delivery", "7 days Replacement", "1 Year Warranty", "Top Brand", "Amazon Delivered", "Secure transaction"]
2023-05-02 18:07:58,830 DEBUG: Product technical_details= {'OS': 'Android 12.0', 'RAM': '2 GB', 'Product_Dimensions': '16.1 x 7.4 x 0.9 cm; 179 Grams', 'Batteries': '1 Lithium Ion batteries required. (included)', 'Wireless_communication_technologies': 'Cellular', 'Connectivity_technologies': 'Bluetooth, USB', 'GPS': 'True', 'Special_features': 'Dual_Sim', 'Other_display_features': 'Wireless', 'Device_interface_-_primary': 'Touchscreen', 'Resolution': '720p', 'Other_camera_features': 'Rear, Front', 'Audio_Jack': '3.5 mm', 'Form_factor': 'Touch', 'Colour': 'Light Mint', 'Battery_Power_Rating': '3000', 'Phone_Talk_Time': '13.9 Hours', 'Phone_Standby_Time_(with_data)': '458 Hours', 'Whats_in_the_box': 'Handset, Charger, Cable, User Guide', 'Manufacturer': 'For and on behalf of HMD Mobile India Private Limited', 'Country_of_Origin': 'India', 'Item_Weight': '179 g'}
2023-05-02 18:07:58,840 DEBUG: Product additional_details= {'ASIN': 'B0BW5QRCPG', 'Customer_Reviews': '3.2 out of 5 stars 322 ratings 3.2 out of 5 stars', 'Best_Sellers_Rank': '#963 in Electronics (See Top 100 in Electronics) #111 in Smartphones', 'Date_First_Available': '17 March 2023', 'Manufacturer': 'For and on behalf of HMD Mobile India Private Limited, Pioneer Urban Square Complex, No 510 5th Floor, Tower C, Golf Course Extension Road, Sector 62, Gurgaon, Haryana, 122102, India', 'Packer': 'LAVA INTERNATIONAL LTD A154D, Sector-63, Noida - 201 301, INDIA', 'Item_Dimensions_LxWxH': '16.1 x 7.4 x 0.9 Centimeters', 'Net_Quantity': '1 Count', 'Generic_Name': 'Smartphones'}
2023-05-02 18:07:59,852 DEBUG: Starting new HTTPS connection (1): www.amazon.in:443
2023-05-02 18:08:00,346 DEBUG: https://www.amazon.in:443 "GET /Samsung-Midnight-Storage-6000mAh-Battery/dp/B0B4F38D6K/ref=sr_1_20?crid=2C9GZV1PQRGTM&keywords=smartphones&qid=1683031000&sprefix=abc%2Caps%2C501&sr=8-20 HTTP/1.1" 200 None
2023-05-02 18:08:03,481 DEBUG: Product Name= Samsung Galaxy M13 (Midnight Blue, 6GB, 128GB Storage) | 6000mAh Battery | Upto 12GB RAM with RAM Plus
2023-05-02 18:08:03,486 DEBUG: Product Price= 12999.0
2023-05-02 18:08:03,491 DEBUG: Product description= ["6000mAh lithium-ion battery, 1 year manufacturer warranty for device and 6 months manufacturer warranty for in-box accessories including batteries from the date of purchase", "Upto 12GB RAM with RAM Plus | 128GB internal memory expandable up to 1TB| Dual Sim (Nano)", "50MP+5MP+2MP Triple camera setup- True 50MP (F1.8) main camera +5MP(F2.2)+ 2MP (F2.4) | 8MP (F2.2) front cam", "Android 12,One UI Core 4 with a powerful Octa Core Processor", "16.72 centimeters (6.6-inch) FHD+ LCD - infinity O Display, FHD+ resolution with 1080 x 2408 pixels resolution, 401 PPI with 16M color"]
2023-05-02 18:08:03,494 DEBUG: Product number_of_ratings= 25926
2023-05-02 18:08:03,497 DEBUG: Product number_of_stars= 4.1
2023-05-02 18:08:03,500 DEBUG: Product num_answered_questions= 1000
2023-05-02 18:08:03,513 DEBUG: Product feature_list= ["Free Delivery", "Pay on Delivery", "7 days Replacement", "1 Year Warranty", "Top Brand", "Amazon Delivered", "Secure transaction"]
2023-05-02 18:08:03,521 DEBUG: Product technical_details= {'OS': 'Android 12.0', 'RAM': '6 GB', 'Product_Dimensions': '0.9 x 7.7 x 16.5 cm; 207 Grams', 'Batteries': '1 Lithium Ion batteries required. (included)', 'Item_model_number': 'SM-M135FDBQINS', 'Connectivity_technologies': 'Bluetooth, Wi-Fi, USB', 'GPS': 'GPS,Glonass,Beidou,Galileo', 'Special_features': 'Auto Data Switching, Upto 12GB RAM with RAM Plus, Octa Core Processor, Fingerprint Sensor', 'Colours_displayed': '401 PPI with 16M Color', 'Other_display_features': 'Wireless', 'Other_camera_features': 'Front', 'Audio_Jack': '3.5 mm', 'Form_factor': 'Slate', 'Colour': 'Dark Blue', 'Battery_Power_Rating': '6000', 'Whats_in_the_box': 'Handset,Sim Ejection Pin, User Guide,Adapter, Type A to C Cable', 'Manufacturer': 'Samsung', 'Country_of_Origin': 'India', 'Item_Weight': '207 g'}
2023-05-02 18:08:03,533 DEBUG: Product additional_details= {'ASIN': 'B0B4F38D6K', 'Customer_Reviews': '4.1 4.1 out of 5 stars 25,926 ratings 4.1 out of 5 stars', 'Best_Sellers_Rank': '#129 in Electronics (See Top 100 in Electronics) #37 in Smartphones', 'Date_First_Available': '16 July 2022', 'Manufacturer': 'Samsung, Samsung India Electronics Pvt ltd, 6th Floor , DLF Centre, Sansad Marg, New Delhi - 110001 . Email id: support.india@samsung.com, Tel(Toll Free): 1800 40 7267864', 'Packer': 'Samsung India Electronics Pvt ltd, 6th Floor , DLF Centre, Sansad Marg, New Delhi - 110001 . Email id: support.india@samsung.com, Tel(Toll Free): 1800 40 7267864', 'Importer': 'Samsung India Electronics Pvt ltd, 6th Floor , DLF Centre, Sansad Marg, New Delhi - 110001 . Email id: support.india@samsung.com, Tel(Toll Free): 1800 40 7267864', 'Item_Dimensions_LxWxH': '9 x 77 x 165 Millimeters', 'Net_Quantity': '1 Count', 'Generic_Name': 'Smartphone'}
2023-05-02 18:08:04,551 DEBUG: Starting new HTTPS connection (1): www.amazon.in:443
2023-05-02 18:08:04,947 DEBUG: https://www.amazon.in:443 "GET /sspa/click?ie=UTF8&spc=MTo3NDk2NzE2NjQ3Njc5MzU0OjE2ODMwMzEwMDA6c3BfYnRmOjIwMDU4NDUyMjYxOTk4OjowOjo&url=%2FOnePlus-Nord-Shadow-128GB-Storage%2Fdp%2FB0B3CQBRB4%2Fref%3Dsr_1_21_sspa%3Fcrid%3D2C9GZV1PQRGTM%26keywords%3Dsmartphones%26qid%3D1683031000%26sprefix%3Dabc%252Caps%252C501%26sr%3D8-21-spons%26sp_csd%3Dd2lkZ2V0TmFtZT1zcF9idGY%26psc%3D1 HTTP/1.1" 302 25
2023-05-02 18:08:05,303 DEBUG: https://www.amazon.in:443 "GET /OnePlus-Nord-Shadow-128GB-Storage/dp/B0B3CQBRB4/ref=sr_1_21_sspa?crid=2C9GZV1PQRGTM&keywords=smartphones&qid=1683031000&sprefix=abc%2Caps%2C501&sr=8-21-spons&sp_csd=d2lkZ2V0TmFtZT1zcF9idGY&psc=1 HTTP/1.1" 200 None
2023-05-02 18:08:08,654 ERROR:  Product Name Unavailable : 'NoneType' object has no attribute 'text'
2023-05-02 18:08:08,657 DEBUG: Starting new HTTPS connection (1): www.amazon.in:443
2023-05-02 18:08:09,002 DEBUG: https://www.amazon.in:443 "GET /sspa/click?ie=UTF8&spc=MTo3NDk2NzE2NjQ3Njc5MzU0OjE2ODMwMzEwMDA6c3BfYnRmOjIwMTQyNDcxMDQxMTk4OjowOjo&url=%2FRedmi-Storage-Performance-Mediatek-Display%2Fdp%2FB0BYN48MQW%2Fref%3Dsr_1_22_sspa%3Fcrid%3D2C9GZV1PQRGTM%26keywords%3Dsmartphones%26qid%3D1683031000%26sprefix%3Dabc%252Caps%252C501%26sr%3D8-22-spons%26sp_csd%3Dd2lkZ2V0TmFtZT1zcF9idGY%26psc%3D1 HTTP/1.1" 302 25
2023-05-02 18:08:09,360 DEBUG: https://www.amazon.in:443 "GET /Redmi-Storage-Performance-Mediatek-Display/dp/B0BYN48MQW/ref=sr_1_22_sspa?crid=2C9GZV1PQRGTM&keywords=smartphones&qid=1683031000&sprefix=abc%2Caps%2C501&sr=8-22-spons&sp_csd=d2lkZ2V0TmFtZT1zcF9idGY&psc=1 HTTP/1.1" 200 None
2023-05-02 18:08:12,073 DEBUG: Product Name= Redmi 12C (Royal Blue, 4GB RAM, 64GB Storage) | High Performance Mediatek Helio G85 | Big 17cm(6.71) HD+ Display with 5000mAh(typ) Battery with 10W Charger in-Box
2023-05-02 18:08:12,079 DEBUG: Product Price= 8999.0
2023-05-02 18:08:12,084 DEBUG: Product description= ["Processor: High performance MediaTek Helio G85,upto 2Ghz; Enhanced gaming with 1GHz GPU | 4+3GB(Virtual RAM) LPDDR4x", "Camera: 50MP f/1.8 AI Dual camera with Portrait mode & Night Mode | 5MP Selfie camera", "Display: Large 17cm HD+ display with Scratch resistant Glass and Oleophobic coating | 500nits peak brightness", "5000mAh(typ) battery with 10W charger in-box", "Dual band Wifi support ensures better throughput and connectivity"]
2023-05-02 18:08:12,090 DEBUG: Product number_of_ratings= 281
2023-05-02 18:08:12,094 DEBUG: Product number_of_stars= 4.0
2023-05-02 18:08:12,098 DEBUG: Product num_answered_questions= 49
2023-05-02 18:08:12,112 DEBUG: Product feature_list= ["Free Delivery", "Pay on Delivery", "7 days Replacement", "1 Year Warranty", "Top Brand", "Amazon Delivered", "Secure transaction"]
2023-05-02 18:08:12,121 DEBUG: Product technical_details= {'OS': 'MIUI 13, Android 12.0', 'RAM': '64 GB', 'Product_Dimensions': '16.9 x 7.6 x 0.9 cm; 192 Grams', 'Batteries': '1 Lithium Polymer batteries required. (included)', 'Wireless_communication_technologies': 'Wi-Fi', 'Connectivity_technologies': 'Bluetooth, Wi-Fi, USB', 'GPS': 'GPS/AGPS,Glonass, Beidou, Galileo', 'Special_features': 'IP52 rating, Dedicated card slot, 50MP Primary sensor f/1.8 1.28 um (4-in-1 super pixel) with the following modes: Portrait | Night | Video | 50MP mode | Time-lapse | Movie frame | HDR | Google lens, MIUI Dialer, Rear Fingerprint sensor', 'Other_display_features': 'Wireless', 'Device_interface_-_primary': 'Touchscreen', 'Other_camera_features': 'Rear, Front', 'Audio_Jack': '3.5 mm', 'Form_factor': 'Bar', 'Colour': 'Royal Blue', 'Battery_Power_Rating': '5000', 'Phone_Talk_Time': '39 Hours', 'Phone_Standby_Time_(with_data)': '680 Hours', 'Whats_in_the_box': 'Power Adapter, SIM Tray Ejector, USB Cable', 'Manufacturer': 'Redmi', 'Country_of_Origin': 'India', 'Item_Weight': '192 g'}
2023-05-02 18:08:12,132 DEBUG: Product additional_details= {'ASIN': 'B0BYN48MQW', 'Customer_Reviews': '4.0 out of 5 stars 4.0 281 ratings 4.0 out of 5 stars', 'Best_Sellers_Rank': '#78 in Electronics (See Top 100 in Electronics) #29 in Smartphones', 'Date_First_Available': '16 July 2022', 'Manufacturer': 'Redmi, Bharat FIH limited , #380,BELERICA ROAD,SRI CITY,SIDDAM AGRAHARAM VILLAGE,VARADAIAHPALEM MANDAL,CHITTOOR DISTRICT-517541,ANDHRA PRADESH', 'Packer': 'Bharat FIH limited , #380,BELERICA ROAD,SRI CITY,SIDDAM AGRAHARAM VILLAGE,VARADAIAHPALEM MANDAL,CHITTOOR DISTRICT-517541,ANDHRA PRADESH', 'Importer': 'Xiaomi Technology India Private Limited, Building Orchid. Block E, Embassy Tech Village, Marathahalli Outer Ring Road, Devarabisanahalli, Bengaluru 560103', 'Item_Dimensions_LxWxH': '16.9 x 7.6 x 0.9 Centimeters', 'Net_Quantity': '192 Grams', 'Generic_Name': 'Smartphone'}
2023-05-02 18:08:13,152 DEBUG: Starting new HTTPS connection (1): www.amazon.in:443
2023-05-02 18:08:13,684 DEBUG: https://www.amazon.in:443 "GET /OnePlus-Nord-Black-128GB-Storage/dp/B09WQY65HN/ref=sxbs_aspa_sqa?c_c=1595580449&content-id=amzn1.sym.ddc43a53-4c42-4d9f-9c44-7597ab59606c%3Aamzn1.sym.ddc43a53-4c42-4d9f-9c44-7597ab59606c&crid=2C9GZV1PQRGTM&cv_ct_cx=smartphones&keywords=smartphones&pd_rd_i=B09WQY65HN&pd_rd_r=dcfebb25-597e-415d-a163-e96072fdc282&pd_rd_w=CNNg3&pd_rd_wg=GesTm&pf_rd_p=ddc43a53-4c42-4d9f-9c44-7597ab59606c&pf_rd_r=MR3QJ3E9KEXAAP3FXYJ2&qid=1683031000&sbo=RZvfv%2F%2FHxDF%2BO5021pAnSA%3D%3D&sprefix=abc%2Caps%2C501&sr=1-1-465c17cd-1aa5-42d8-a3c3-dba481fdef42 HTTP/1.1" 200 None
2023-05-02 18:08:17,422 ERROR:  Product Name Unavailable : 'NoneType' object has no attribute 'text'
2023-05-02 18:08:17,425 DEBUG: Starting new HTTPS connection (1): www.amazon.in:443
2023-05-02 18:08:17,921 DEBUG: https://www.amazon.in:443 "GET /OnePlus-Galactic-Silver-128GB-Storage/dp/B0BSNQ2KXF/ref=sxbs_aspa_sqa?c_c=1595580449&content-id=amzn1.sym.ddc43a53-4c42-4d9f-9c44-7597ab59606c%3Aamzn1.sym.ddc43a53-4c42-4d9f-9c44-7597ab59606c&crid=2C9GZV1PQRGTM&cv_ct_cx=smartphones&keywords=smartphones&pd_rd_i=B0BSNQ2KXF&pd_rd_r=dcfebb25-597e-415d-a163-e96072fdc282&pd_rd_w=CNNg3&pd_rd_wg=GesTm&pf_rd_p=ddc43a53-4c42-4d9f-9c44-7597ab59606c&pf_rd_r=MR3QJ3E9KEXAAP3FXYJ2&qid=1683031000&sbo=RZvfv%2F%2FHxDF%2BO5021pAnSA%3D%3D&sprefix=abc%2Caps%2C501&sr=1-3-465c17cd-1aa5-42d8-a3c3-dba481fdef42 HTTP/1.1" 200 None
2023-05-02 18:08:20,810 ERROR:  Product Name Unavailable : 'NoneType' object has no attribute 'text'
2023-05-02 18:08:20,812 DEBUG: Starting new HTTPS connection (1): www.amazon.in:443
2023-05-02 18:08:21,316 DEBUG: https://www.amazon.in:443 "GET /Samsung-Storage-6000mAh-Purchased-Separately/dp/B09TWH8YHM/ref=sxbs_aspa_sqa?c_c=1595580449&content-id=amzn1.sym.ddc43a53-4c42-4d9f-9c44-7597ab59606c%3Aamzn1.sym.ddc43a53-4c42-4d9f-9c44-7597ab59606c&crid=2C9GZV1PQRGTM&cv_ct_cx=smartphones&keywords=smartphones&pd_rd_i=B09TWH8YHM&pd_rd_r=dcfebb25-597e-415d-a163-e96072fdc282&pd_rd_w=CNNg3&pd_rd_wg=GesTm&pf_rd_p=ddc43a53-4c42-4d9f-9c44-7597ab59606c&pf_rd_r=MR3QJ3E9KEXAAP3FXYJ2&qid=1683031000&sbo=RZvfv%2F%2FHxDF%2BO5021pAnSA%3D%3D&sprefix=abc%2Caps%2C501&sr=1-5-465c17cd-1aa5-42d8-a3c3-dba481fdef42 HTTP/1.1" 200 None
2023-05-02 18:08:24,614 DEBUG: Product Name= Samsung Galaxy M33 5G (Deep Ocean Blue, 8GB, 128GB Storage) | 6000mAh Battery | Upto 16GB RAM with RAM Plus | Without Charger
2023-05-02 18:08:24,619 DEBUG: Product Price= 17499.0
2023-05-02 18:08:24,624 DEBUG: Product description= ["Exynos 1280 Octa Core 2.4GHz 5nm Processor with the 12 band support for a True 5G experience", "16.72 centimeters (6.6-inch) LCD Display, FHD+ resolution, 1080x2400 pixels protected by Gorilla Glass 5", "Versatile Quad camera setup-50MP (F1.8)+ 5MP (F2.2/UW- 123 FOV) + 2MP (F2.4/Depth) + 2MP (F2.4/Macro) QuadCamera| 8MP (F1.8) Front Camera", "Massive 6000 mAh Battery | Memory, Storage & SIM: 8GB RAM | 128GB internal memory expandable up to 1TB| SIM 1 + SIM 2+ Micro SD", "Latest Android v12.0, One UI 4 operating system.", "Intelligent Voice Focus | Power Cool Technology | Auto Data Switching", "Connector type: 3.5mm jack"]
2023-05-02 18:08:24,627 DEBUG: Product number_of_ratings= 27357
2023-05-02 18:08:24,631 DEBUG: Product number_of_stars= 4.1
2023-05-02 18:08:24,634 DEBUG: Product num_answered_questions= 1000
2023-05-02 18:08:24,649 DEBUG: Product feature_list= ["Free Delivery", "Pay on Delivery", "7 days Replacement", "1 Year Warranty", "Top Brand", "Amazon Delivered", "Secure transaction"]
2023-05-02 18:08:24,656 DEBUG: Product technical_details= {'OS': 'Android 12.0', 'RAM': '8 GB', 'Product_Dimensions': '0.9 x 16.5 x 7.7 cm; 215 Grams', 'Batteries': '1 Lithium Ion batteries required. (included)', 'Item_model_number': 'SM-M336BZBRINS', 'Wireless_communication_technologies': 'Cellular', 'Connectivity_technologies': 'Bluetooth, Wi-Fi, USB', 'GPS': 'True', 'Special_features': 'RAM Plus, Voice Focus, Power Cool Technology', 'Display_technology': 'LCD', 'Other_display_features': 'Wireless', 'Resolution': '1080 x 2400', 'Other_camera_features': 'Quad Camera (50MP+5MP+2MP+2MP) | 8MP Front Camera', 'Audio_Jack': '3.5 mm', 'Form_factor': 'Slate', 'Colour': 'Deep Ocean Blue', 'Battery_Power_Rating': '6000', 'Whats_in_the_box': 'Handset, Ejection Pin,Data Cable,Quick Start Guide', 'Manufacturer': 'Samsung', 'Country_of_Origin': 'India', 'Item_Weight': '215 g'}
2023-05-02 18:08:24,669 DEBUG: Product additional_details= {'ASIN': 'B09TWH8YHM', 'Customer_Reviews': '4.1 4.1 out of 5 stars 27,357 ratings 4.1 out of 5 stars', 'Best_Sellers_Rank': '#97 in Electronics (See Top 100 in Electronics) #33 in Smartphones', 'Date_First_Available': '7 April 2022', 'Manufacturer': 'Samsung, Samsung India Electronics Pvt ltd, 6th Floor , DLF Centre, Sansad Marg, New Delhi - 110001 . Email id: support.india@samsung.com, Tel(Toll Free): 1800 40 7267864', 'Packer': 'Samsung India Electronics Pvt ltd, 6th Floor , DLF Centre, Sansad Marg, New Delhi - 110001 . Email id: support.india@samsung.com, Tel(Toll Free): 1800 40 7267864', 'Importer': 'Samsung India Electronics Pvt ltd, 6th Floor , DLF Centre, Sansad Marg, New Delhi - 110001 . Email id: support.india@samsung.com, Tel(Toll Free): 1800 40 7267864', 'Item_Dimensions_LxWxH': '9 x 165 x 77 Millimeters', 'Net_Quantity': '1 Count', 'Generic_Name': 'Smartphone'}
2023-05-02 18:08:25,696 DEBUG: Starting new HTTPS connection (1): www.amazon.in:443
2023-05-02 18:08:26,128 DEBUG: https://www.amazon.in:443 "GET /Lava-Blaze-5G-Green-Expandable/dp/B0BSTVXFWD/ref=sxbs_aspa_sqa?c_c=1595580449&content-id=amzn1.sym.ddc43a53-4c42-4d9f-9c44-7597ab59606c%3Aamzn1.sym.ddc43a53-4c42-4d9f-9c44-7597ab59606c&crid=2C9GZV1PQRGTM&cv_ct_cx=smartphones&keywords=smartphones&pd_rd_i=B0BSTVXFWD&pd_rd_r=dcfebb25-597e-415d-a163-e96072fdc282&pd_rd_w=CNNg3&pd_rd_wg=GesTm&pf_rd_p=ddc43a53-4c42-4d9f-9c44-7597ab59606c&pf_rd_r=MR3QJ3E9KEXAAP3FXYJ2&qid=1683031000&sbo=RZvfv%2F%2FHxDF%2BO5021pAnSA%3D%3D&sprefix=abc%2Caps%2C501&sr=1-7-465c17cd-1aa5-42d8-a3c3-dba481fdef42 HTTP/1.1" 200 None
2023-05-02 18:08:29,051 ERROR:  Product Name Unavailable : 'NoneType' object has no attribute 'text'
2023-05-02 18:08:29,054 DEBUG: Starting new HTTPS connection (1): www.amazon.in:443
2023-05-02 18:08:29,412 DEBUG: https://www.amazon.in:443 "GET /Redmi-Storage-Segment-5000mAh-Battery/dp/B0BBN4DZBD/ref=sxbs_aspa_sqa?c_c=-5091602&content-id=amzn1.sym.ddc43a53-4c42-4d9f-9c44-7597ab59606c%3Aamzn1.sym.ddc43a53-4c42-4d9f-9c44-7597ab59606c&crid=2C9GZV1PQRGTM&cv_ct_cx=smartphones&keywords=smartphones&pd_rd_i=B0BBN4DZBD&pd_rd_r=dcfebb25-597e-415d-a163-e96072fdc282&pd_rd_w=CNNg3&pd_rd_wg=GesTm&pf_rd_p=ddc43a53-4c42-4d9f-9c44-7597ab59606c&pf_rd_r=MR3QJ3E9KEXAAP3FXYJ2&qid=1683031000&sbo=RZvfv%2F%2FHxDF%2BO5021pAnSA%3D%3D&sprefix=abc%2Caps%2C501&sr=1-2-465c17cd-1aa5-42d8-a3c3-dba481fdef42 HTTP/1.1" 200 None
2023-05-02 18:08:32,473 DEBUG: Product Name= Redmi A1 (Light Blue, 2GB RAM, 32GB Storage) | Segment Best AI Dual Cam | 5000mAh Battery | Leather Texture Design | Android 12
2023-05-02 18:08:32,479 DEBUG: Product Price= 5699.0
2023-05-02 18:08:32,483 DEBUG: Product description= ["Display: 16.56cm HD+ Scratch resistant display", "Processor: MediaTek Helio A22 processor; up to 2.0GHz", "Camera: 8MP Dual camera | 5MP Front camera", "Memory, Storage & SIM: 2GB LPDDR4x RAM | 32GB storage expandable up to 512GB with dedicated SD card slot | Dual SIM (nano+nano) dual standby (4G+4G)", "Battery: 5000 mAh large battery with 10W in-box charger"]
2023-05-02 18:08:32,486 DEBUG: Product number_of_ratings= 14176
2023-05-02 18:08:32,490 DEBUG: Product number_of_stars= 4.0
2023-05-02 18:08:32,493 DEBUG: Product num_answered_questions= 293
2023-05-02 18:08:32,504 DEBUG: Product feature_list= ["Free Delivery", "Pay on Delivery", "7 days Replacement", "1 Year Warranty", "Top Brand", "Amazon Delivered", "Secure transaction"]
2023-05-02 18:08:32,511 DEBUG: Product technical_details= {'OS': 'Chrome OS', 'RAM': '2 GB', 'Product_Dimensions': '16.5 x 0.9 x 7.7 cm; 192 Grams', 'Batteries': '1 Lithium Polymer batteries required. (included)', 'Item_part_number': 'B0BBN4DZBD', 'Wireless_communication_technologies': 'Bluetooth, Wi-Fi', 'Connectivity_technologies': 'Bluetooth, Wi-Fi, USB', 'GPS': 'True', 'Special_features': 'Splash proof design, 8MP AI Dual Camera Portrait mode | Short video | Time-lapse, 3.5mm Jack, Dedicated Micro SD Slot', 'Other_display_features': 'Wireless', 'Device_interface_-_primary': 'Touchscreen', 'Other_camera_features': 'Rear, Front', 'Audio_Jack': '3.5 mm', 'Form_factor': 'Bar', 'Colour': 'Light Blue', 'Battery_Power_Rating': '5000', 'Whats_in_the_box': 'Redmi A1, Power adapter, USB cable, SIM eject tool, Warranty card, User guide', 'Manufacturer': 'Redmi', 'Country_of_Origin': 'India', 'Item_Weight': '192 g'}
2023-05-02 18:08:32,522 DEBUG: Product additional_details= {'ASIN': 'B0BBN4DZBD', 'Customer_Reviews': '4.0 out of 5 stars (4.0) 14,176 ratings 4.0 out of 5 stars', 'Best_Sellers_Rank': '#15 in Electronics (See Top 100 in Electronics) #9 in Smartphones', 'Date_First_Available': '9 September 2022', 'Manufacturer': 'Redmi, DBG Technology (India) Pvt Ltd , PLOT NO-2, BAWAL, SECTOR-8, Rewari, Haryana, 123501', 'Packer': 'DBG Technology (India) Pvt Ltd , PLOT NO-2, BAWAL, SECTOR-8, Rewari, Haryana, 123501', 'Importer': 'Xiaomi Technology India Private Limited, Building Orchid. Block E, Embassy Tech Village, Marathahalli Outer Ring Road, Devarabisanahalli, Bengaluru 560103', 'Item_Dimensions_LxWxH': '16.5 x 0.9 x 7.7 Centimeters', 'Net_Quantity': '192 Grams', 'Generic_Name': 'Smartphone'}
2023-05-02 18:08:33,545 DEBUG: Starting new HTTPS connection (1): www.amazon.in:443
2023-05-02 18:08:33,884 DEBUG: https://www.amazon.in:443 "GET /Redmi-Storage-Battery-Finger-Booster/dp/B09XB7SRQ5/ref=sxbs_aspa_sqa?c_c=-5091602&content-id=amzn1.sym.ddc43a53-4c42-4d9f-9c44-7597ab59606c%3Aamzn1.sym.ddc43a53-4c42-4d9f-9c44-7597ab59606c&crid=2C9GZV1PQRGTM&cv_ct_cx=smartphones&keywords=smartphones&pd_rd_i=B09XB7SRQ5&pd_rd_r=dcfebb25-597e-415d-a163-e96072fdc282&pd_rd_w=CNNg3&pd_rd_wg=GesTm&pf_rd_p=ddc43a53-4c42-4d9f-9c44-7597ab59606c&pf_rd_r=MR3QJ3E9KEXAAP3FXYJ2&qid=1683031000&sbo=RZvfv%2F%2FHxDF%2BO5021pAnSA%3D%3D&sprefix=abc%2Caps%2C501&sr=1-4-465c17cd-1aa5-42d8-a3c3-dba481fdef42 HTTP/1.1" 200 None
2023-05-02 18:08:37,006 DEBUG: Product Name= Redmi 10A (Slate Grey, 4GB RAM, 64GB Storage) | 2 Ghz Octa Core Helio G25 | 5000 mAh Battery | Finger Print Sensor | Upto 5GB RAM with RAM Booster
2023-05-02 18:08:37,012 DEBUG: Product Price= 8599.0
2023-05-02 18:08:37,016 DEBUG: Product description= ["Camera: 13MP Rear Camera | 5MP Front Camera", "Display: HD+(1600x700) IPS LCD display; 15.58 centimeters (6.53 inch); 20:9 aspect ratio", "Processor: MediaTek Helio G25 Octa-core processor; Up to 2.0 GHz clock speed", "Battery: 5000 mAh large battery with 10W fast charger in-box and Micro USB connectivity", "Memory, Storage & SIM:4GB RAM | 64GB storage expandable upto 512GB with dedicated SD card slot | Dual SIM (nano+nano) dual standby(4G+4G)"]
2023-05-02 18:08:37,019 DEBUG: Product number_of_ratings= 17584
2023-05-02 18:08:37,023 DEBUG: Product number_of_stars= 4.0
2023-05-02 18:08:37,026 DEBUG: Product num_answered_questions= 309
2023-05-02 18:08:37,038 DEBUG: Product feature_list= ["Free Delivery", "Pay on Delivery", "7 days Replacement", "1 Year Warranty", "Top Brand", "Amazon Delivered", "Secure transaction"]
2023-05-02 18:08:37,044 DEBUG: Product technical_details= {'OS': 'MIUI 12.5', 'RAM': '4 GB', 'Product_Dimensions': '16.5 x 7.7 x 0.9 cm; 194 Grams', 'Batteries': '1 Lithium Polymer batteries required. (included)', 'Wireless_communication_technologies': 'Bluetooth, Wi-Fi', 'Connectivity_technologies': 'Bluetooth, Wi-Fi, USB', 'GPS': 'True', 'Special_features': 'Portrait | Time Lapse | Pro Mode | Night Mode | Short Video Mode | HDR | Google Lens, 3.5mm Jack, Dedicated Micro SD Slot', 'Display_technology': 'LCD', 'Other_display_features': 'Wireless', 'Device_interface_-_primary': 'Touchscreen', 'Other_camera_features': 'Rear Camera (13MP) | 5MP Front Camera', 'Audio_Jack': '3.5 mm', 'Form_factor': 'Bar', 'Colour': 'Slate Grey', 'Battery_Power_Rating': '5000', 'Whats_in_the_box': 'SIM Tray Ejector, Adapter, USB Cable', 'Manufacturer': 'Redmi', 'Country_of_Origin': 'India', 'Item_Weight': '194 g'}
2023-05-02 18:08:37,054 DEBUG: Product additional_details= {'ASIN': 'B09XB7SRQ5', 'Customer_Reviews': '4.0 out of 5 stars 17,584 ratings 4.0 out of 5 stars', 'Best_Sellers_Rank': '#285 in Electronics (See Top 100 in Electronics) #57 in Smartphones', 'Date_First_Available': '26 April 2022', 'Manufacturer': 'Redmi, Bharat FIH limited , #380,BELERICA ROAD,SRI CITY,SIDDAM AGRAHARAM VILLAGE,VARADAIAHPALEM MANDAL,CHITTOOR DISTRICT-517541,ANDHRA PRADESH / BYD INDIA PRIVATE LIMITED, DEVELOPED PLOT NO.OZ-7,SIPCOT ORAGADAM, SRIPERUMBUDUR (TK) KANCHEEPURAM DISTRICT 602105 TAMIL NADU', 'Packer': 'Bharat FIH limited , #380,BELERICA ROAD,SRI CITY,SIDDAM AGRAHARAM VILLAGE,VARADAIAHPALEM MANDAL,CHITTOOR DISTRICT-517541,ANDHRA PRADESH / BYD INDIA PRIVATE LIMITED, DEVELOPED PLOT NO.OZ-7,SIPCOT ORAGADAM, SRIPERUMBUDUR (TK) KANCHEEPURAM DISTRICT 602105 TAMIL NADU', 'Importer': 'Xiaomi Technology India Private Limited, Building Orchid. Block E, Embassy Tech Village, Marathahalli Outer Ring Road, Devarabisanahalli, Bengaluru 560103', 'Item_Dimensions_LxWxH': '16.5 x 7.7 x 0.9 Centimeters', 'Net_Quantity': '194 Grams', 'Generic_Name': 'Smartphone'}
2023-05-02 18:08:38,061 DEBUG: Starting new HTTPS connection (1): www.amazon.in:443
2023-05-02 18:08:38,403 DEBUG: https://www.amazon.in:443 "GET /Samsung-Galaxy-Cloud-128GB-Storage/dp/B08VB2MRF8/ref=sxbs_aspa_sqa?c_c=-5091602&content-id=amzn1.sym.ddc43a53-4c42-4d9f-9c44-7597ab59606c%3Aamzn1.sym.ddc43a53-4c42-4d9f-9c44-7597ab59606c&crid=2C9GZV1PQRGTM&cv_ct_cx=smartphones&keywords=smartphones&pd_rd_i=B08VB2MRF8&pd_rd_r=dcfebb25-597e-415d-a163-e96072fdc282&pd_rd_w=CNNg3&pd_rd_wg=GesTm&pf_rd_p=ddc43a53-4c42-4d9f-9c44-7597ab59606c&pf_rd_r=MR3QJ3E9KEXAAP3FXYJ2&qid=1683031000&sbo=RZvfv%2F%2FHxDF%2BO5021pAnSA%3D%3D&sprefix=abc%2Caps%2C501&sr=1-6-465c17cd-1aa5-42d8-a3c3-dba481fdef42 HTTP/1.1" 200 None
2023-05-02 18:08:41,259 DEBUG: Product Name= Samsung Galaxy S20 FE 5G (Cloud Mint, 8GB RAM, 128GB Storage)
2023-05-02 18:08:41,265 DEBUG: Product Price= 26990.0
2023-05-02 18:08:41,268 DEBUG: Product description= ["5G Ready powered by Qualcomm Snapdragon 865 Octa-Core processor, 8GB RAM, 128GB internal memory expandable up to 1TB, Android 11.0 operating system and dual SIM", "Triple Rear Camera Setup - 12MP (Dual Pixel) OIS F1.8 Wide Rear Camera + 8MP OIS Tele Camera + 12MP Ultra Wide | 30X Space Zoom, Single Take & Night Mode | 32MP F2.2 Front Punch Hole Camera", "6.5-inch(16.40 centimeters) Infinity-O Super AMOLED Display with 120Hz Refresh rate, 1080 x 2400 (FHD+) Resolution \"", "4500 mAh battery (Non -removable) with Super Fast Charging, FAst Wireless Charging & Finger Print sensor", "IP68 Rated, MicroSD Card Slot (Expandable upto 1 TB), Dual Nano Sim, Hybrid Sim Slot, 5G+5G Dual stand by", "Disclaimer: N28 band for Stand alone 5G network is not compatible"]
2023-05-02 18:08:41,271 DEBUG: Product number_of_ratings= 30473
2023-05-02 18:08:41,274 DEBUG: Product number_of_stars= 4.2
2023-05-02 18:08:41,278 DEBUG: Product num_answered_questions= 1000
2023-05-02 18:08:41,290 DEBUG: Product feature_list= ["Free Delivery", "Pay on Delivery", "7 days Replacement", "1 Year Warranty", "Top Brand", "Amazon Delivered", "Secure transaction"]
2023-05-02 18:08:41,298 DEBUG: Product technical_details= {'OS': 'Android 11.0', 'RAM': '8 GB', 'Product_Dimensions': '0.84 x 7.45 x 15.98 cm; 190 Grams', 'Batteries': '1 Lithium Ion batteries required. (included)', 'Item_model_number': 'SM-G781BZGGINS', 'Wireless_communication_technologies': 'Bluetooth, Wi-Fi', 'Connectivity_technologies': 'WiFi 5G; WLAN; Bluetooth; GPS; NFC; Radio; USB', 'GPS': 'GLONASS', 'Special_features': 'Rear Camera, Dual_Sim, Camera, Fast Charging, Hybrid Sim Slot', 'Display_technology': 'AMOLED', 'Colours_displayed': 'Infinity-O Super Display with 120Hz Refresh rate', 'Other_display_features': 'Wireless', 'Device_interface_-_primary': 'Touchscreen', 'Resolution': '1080 x 2400', 'Other_camera_features': 'Triple Rear Camera (12MP+8MP+12MP) | 32MP Front Camera', 'Form_factor': 'Slate', 'Colour': 'Cloud Green', 'Battery_Power_Rating': '4500', 'Whats_in_the_box': 'Handset, Non-removable Battery Included, Travel Adapter, USB Cable, User Manual', 'Manufacturer': 'Samsung', 'Country_of_Origin': 'India', 'Item_Weight': '190 g'}
2023-05-02 18:08:41,309 DEBUG: Product additional_details= {'ASIN': 'B08VB2MRF8', 'Customer_Reviews': '4.2 out of 5 stars 4.2 30,473 ratings 4.2 out of 5 stars', 'Best_Sellers_Rank': '#126 in Electronics (See Top 100 in Electronics) #36 in Smartphones', 'Date_First_Available': '2 March 2021', 'Manufacturer': 'Samsung, Samsung India Electronics Pvt ltd, 6th Floor , DLF Centre, Sansad Marg, New Delhi - 110001 . Email id: support.india@samsung.com, Tel(Toll Free): 1800 40 7267864', 'Packer': 'Samsung India Electronics Pvt ltd, 6th Floor , DLF Centre, Sansad Marg, New Delhi - 110001 . Email id: support.india@samsung.com, Tel(Toll Free): 1800 40 7267864', 'Item_Dimensions_LxWxH': '8 x 74 x 160 Millimeters', 'Net_Quantity': '1 Count', 'Generic_Name': 'Smartphones'}
2023-05-02 18:08:42,331 DEBUG: Starting new HTTPS connection (1): www.amazon.in:443
2023-05-02 18:08:42,695 DEBUG: https://www.amazon.in:443 "GET /realme-Storage-Octa-core-Processor-Battery/dp/B0BBM7L888/ref=sxbs_aspa_sqa?c_c=-5091602&content-id=amzn1.sym.ddc43a53-4c42-4d9f-9c44-7597ab59606c%3Aamzn1.sym.ddc43a53-4c42-4d9f-9c44-7597ab59606c&crid=2C9GZV1PQRGTM&cv_ct_cx=smartphones&keywords=smartphones&pd_rd_i=B0BBM7L888&pd_rd_r=dcfebb25-597e-415d-a163-e96072fdc282&pd_rd_w=CNNg3&pd_rd_wg=GesTm&pf_rd_p=ddc43a53-4c42-4d9f-9c44-7597ab59606c&pf_rd_r=MR3QJ3E9KEXAAP3FXYJ2&qid=1683031000&sbo=RZvfv%2F%2FHxDF%2BO5021pAnSA%3D%3D&sprefix=abc%2Caps%2C501&sr=1-8-465c17cd-1aa5-42d8-a3c3-dba481fdef42 HTTP/1.1" 200 None
2023-05-02 18:08:45,413 DEBUG: Product Name= realme narzo 50i Prime (Dark Blue 4GB RAM+64GB Storage) Octa-core Processor | 5000 mAh Battery
2023-05-02 18:08:45,419 DEBUG: Product Price= 7999.0
2023-05-02 18:08:45,424 DEBUG: Product description= ["Powerful Unisoc T612 processor for smooth day to day performance |Superb performance with an AnTuTu Benchmark Score of 214, 150 | Power efficient 12nm Process with Octa-core CPU to make your daily tasks easier", "Display: 6.5 inch HD+ display with 400nits of brightness brings a full screen display and vibrant colors to make every ounce of the experience exciting.", "8MP back camera for crisp and clear shots and 5MP front camera picture perfect selfies", "5000mAh Massive Battery with 10W fast charging support. The 10W fast charger is included in the box.", "4 GB RAM LPDDR4X Fast memory | 64 GB ROM UFS 2.2 | External storage is Expandable Up to 1TB"]
2023-05-02 18:08:45,428 DEBUG: Product number_of_ratings= 3801
2023-05-02 18:08:45,433 DEBUG: Product number_of_stars= 4.0
2023-05-02 18:08:45,437 DEBUG: Product num_answered_questions= 181
2023-05-02 18:08:45,451 DEBUG: Product feature_list= ["Free Delivery", "Pay on Delivery", "7 days Replacement", "1 Year Warranty", "Top Brand", "Amazon Delivered", "Secure transaction"]
2023-05-02 18:08:45,458 DEBUG: Product technical_details= {'OS': 'Android 11.0', 'RAM': '4 GB', 'Product_Dimensions': '0.9 x 7.6 x 16.4 cm; 182 Grams', 'Batteries': '1 Lithium Polymer batteries required. (included)', 'Item_model_number': 'RMX3506', 'Wireless_communication_technologies': 'Cellular', 'Connectivity_technologies': 'Bluetooth, Wi-Fi, USB', 'GPS': 'True', 'Special_features': 'Rear Camera, Fast Charging', 'Other_display_features': 'Wireless', 'Resolution': '720p', 'Other_camera_features': 'Front', 'Form_factor': 'Smartphone', 'Colour': 'Dark Blue', 'Battery_Power_Rating': '5000', 'Whats_in_the_box': 'Quick Guide, Handset, Sim Card Tool, Adapter, USB Cable', 'Manufacturer': 'OPPO Mobiles India Pvt Ltd', 'Country_of_Origin': 'India', 'Item_Weight': '182 g'}
2023-05-02 18:08:45,469 DEBUG: Product additional_details= {'ASIN': 'B0BBM7L888', 'Customer_Reviews': '4.0 4.0 out of 5 stars 3,801 ratings 4.0 out of 5 stars', 'Best_Sellers_Rank': '#154 in Electronics (See Top 100 in Electronics) #43 in Smartphones', 'Date_First_Available': '6 September 2022', 'Manufacturer': 'OPPO Mobiles India Pvt Ltd, OPPO Mobiles India Pvt Ltd,Ploy.No. 1, Udyog Vihar, Greater Noida, Gautam Buddha Nagar, Uttar Pradesh - 201306', 'Packer': 'Realme Mobile Telecommunications India Private Limited 3rd Floor, Tower-B, Building No.8, DLF Cyber City, Gurugram - 122002, Haryana, India', 'Importer': 'Oppo Mobiles India Private Limited', 'Item_Dimensions_LxWxH': '9 x 76 x 164 Millimeters', 'Net_Quantity': '1 Count', 'Generic_Name': 'Smartphone'}
2023-05-02 18:08:46,496 DEBUG: Starting new HTTPS connection (1): www.amazon.in:443
2023-05-02 18:08:46,741 DEBUG: https://www.amazon.in:443 "GET /s?k=smartphones&page=2&crid=2C9GZV1PQRGTM&qid=1683031000&sprefix=abc%2Caps%2C501&ref=sr_pg_1 HTTP/1.1" 200 None
2023-05-02 18:08:48,787 DEBUG: Starting new HTTPS connection (1): www.amazon.in:443
2023-05-02 18:08:49,033 DEBUG: https://www.amazon.in:443 "GET /sspa/click?ie=UTF8&spc=MTo1MTgzMDg1OTcxMjMwMTE5OjE2ODMwMzExMjg6c3BfYXRmX25leHQ6MjAxNDgwOTMwMDE2OTg6OjA6Og&url=%2FSamsung-Storage-Battery-Octa-Core-Processor%2Fdp%2FB0BZCSMP95%2Fref%3Dsr_1_17_sspa%3Fcrid%3D2C9GZV1PQRGTM%26keywords%3Dsmartphones%26qid%3D1683031128%26sprefix%3Dabc%252Caps%252C501%26sr%3D8-17-spons%26sp_csd%3Dd2lkZ2V0TmFtZT1zcF9hdGZfbmV4dA%26psc%3D1 HTTP/1.1" 302 None
2023-05-02 18:08:49,327 DEBUG: https://www.amazon.in:443 "GET /Samsung-Storage-Battery-Octa-Core-Processor/dp/B0BZCSMP95/ref=sr_1_17_sspa?crid=2C9GZV1PQRGTM&keywords=smartphones&qid=1683031128&sprefix=abc%2Caps%2C501&sr=8-17-spons&sp_csd=d2lkZ2V0TmFtZT1zcF9hdGZfbmV4dA&psc=1 HTTP/1.1" 200 None
